<?xml version="1.0" encoding="UTF-8"?>
<robot generator="Robot 5.0.1 (Python 3.8.10 on linux)" generated="20221026 00:32:16.154" rpa="false" schemaversion="3">
<suite id="s1" name="Serial" source="/home/jokke/Mbed Programs/kouluhommat/robottesting/serial.robot">
<test id="s1-t1" name="Connect Serial" line="12">
<kw name="Log To Console" library="BuiltIn">
<arg>Connecting to ${board}</arg>
<doc>Logs the given message to the console.</doc>
<status status="PASS" starttime="20221026 00:32:16.202" endtime="20221026 00:32:16.203"/>
</kw>
<kw name="Add Port" library="SerialLibrary">
<arg>${com}</arg>
<arg>baudrate=9600</arg>
<arg>encoding=ascii</arg>
<doc>Adds new port with specified locator.</doc>
<status status="PASS" starttime="20221026 00:32:16.203" endtime="20221026 00:32:16.204"/>
</kw>
<kw name="Port Should Be Open" library="SerialLibrary">
<arg>${com}</arg>
<doc>Fails if specified port is closed.</doc>
<status status="PASS" starttime="20221026 00:32:16.204" endtime="20221026 00:32:16.204"/>
</kw>
<kw name="Reset Input Buffer" library="SerialLibrary">
<doc>Clears input buffer.</doc>
<status status="PASS" starttime="20221026 00:32:16.204" endtime="20221026 00:32:16.205"/>
</kw>
<kw name="Reset Output Buffer" library="SerialLibrary">
<doc>Clears outout buffer.</doc>
<status status="PASS" starttime="20221026 00:32:16.205" endtime="20221026 00:32:16.205"/>
</kw>
<status status="PASS" starttime="20221026 00:32:16.201" endtime="20221026 00:32:16.205"/>
</test>
<test id="s1-t2" name="Check Starting point" line="19">
<kw name="Log To Console" library="BuiltIn">
<arg>Checking current count</arg>
<doc>Logs the given message to the console.</doc>
<status status="PASS" starttime="20221026 00:32:16.206" endtime="20221026 00:32:16.206"/>
</kw>
<kw name="Write Data" library="SerialLibrary">
<arg>?cix\r</arg>
<doc>Writes data into the port.</doc>
<status status="PASS" starttime="20221026 00:32:16.207" endtime="20221026 00:32:16.207"/>
</kw>
<kw name="Sleep" library="BuiltIn">
<arg>1s</arg>
<doc>Pauses the test executed for the given time.</doc>
<msg timestamp="20221026 00:32:17.208" level="INFO">Slept 1 second</msg>
<status status="PASS" starttime="20221026 00:32:16.207" endtime="20221026 00:32:17.208"/>
</kw>
<kw name="Read Until" library="SerialLibrary">
<var>${read}</var>
<arg>\n</arg>
<doc>Read until a termination sequence is found, size exceeded or timeout.</doc>
<msg timestamp="20221026 00:32:17.208" level="INFO">${read} = Run count: 10
</msg>
<status status="PASS" starttime="20221026 00:32:17.208" endtime="20221026 00:32:17.208"/>
</kw>
<kw name="Split String" library="String">
<var>@{list_string}</var>
<arg>${read}</arg>
<arg>${SPACE}</arg>
<doc>Splits the ``string`` using ``separator`` as a delimiter string.</doc>
<msg timestamp="20221026 00:32:17.209" level="INFO">@{list_string} = [ Run | count: | 10
 ]</msg>
<status status="PASS" starttime="20221026 00:32:17.209" endtime="20221026 00:32:17.209"/>
</kw>
<kw name="Log To Console" library="BuiltIn">
<arg>${list_string}[2]</arg>
<doc>Logs the given message to the console.</doc>
<status status="PASS" starttime="20221026 00:32:17.209" endtime="20221026 00:32:17.209"/>
</kw>
<kw name="Should Be Equal As Strings" library="BuiltIn">
<arg>${read.replace('\n','').strip()}</arg>
<arg>${count}${list_string}[2]</arg>
<arg>strip_spaces=True</arg>
<doc>Fails if objects are unequal after converting them to strings.</doc>
<status status="PASS" starttime="20221026 00:32:17.210" endtime="20221026 00:32:17.210"/>
</kw>
<kw name="Log To Console" library="BuiltIn">
<arg>${read}</arg>
<doc>Logs the given message to the console.</doc>
<status status="PASS" starttime="20221026 00:32:17.211" endtime="20221026 00:32:17.211"/>
</kw>
<kw name="Reset Input Buffer" library="SerialLibrary">
<doc>Clears input buffer.</doc>
<status status="PASS" starttime="20221026 00:32:17.211" endtime="20221026 00:32:17.211"/>
</kw>
<kw name="Reset Output Buffer" library="SerialLibrary">
<doc>Clears outout buffer.</doc>
<status status="PASS" starttime="20221026 00:32:17.211" endtime="20221026 00:32:17.211"/>
</kw>
<status status="PASS" starttime="20221026 00:32:16.205" endtime="20221026 00:32:17.212"/>
</test>
<test id="s1-t3" name="Write Wrong GPS Identifier Data To Serial" line="31">
<kw name="Write Data" library="SerialLibrary">
<arg>$GPAAA,134731.361,5540.3252,N,01231.2946,E\r</arg>
<doc>Writes data into the port.</doc>
<status status="PASS" starttime="20221026 00:32:17.212" endtime="20221026 00:32:17.213"/>
</kw>
<kw name="Reset Input Buffer" library="SerialLibrary">
<doc>Clears input buffer.</doc>
<status status="PASS" starttime="20221026 00:32:17.213" endtime="20221026 00:32:17.213"/>
</kw>
<kw name="Reset Output Buffer" library="SerialLibrary">
<doc>Clears outout buffer.</doc>
<status status="PASS" starttime="20221026 00:32:17.213" endtime="20221026 00:32:17.213"/>
</kw>
<kw name="Sleep" library="BuiltIn">
<arg>1s</arg>
<doc>Pauses the test executed for the given time.</doc>
<msg timestamp="20221026 00:32:18.214" level="INFO">Slept 1 second</msg>
<status status="PASS" starttime="20221026 00:32:17.213" endtime="20221026 00:32:18.214"/>
</kw>
<kw name="Write Data" library="SerialLibrary">
<arg>$GPGGA,-5554731.361,5540.3252,N,01231.2946,E\r</arg>
<doc>Writes data into the port.</doc>
<status status="PASS" starttime="20221026 00:32:18.214" endtime="20221026 00:32:18.214"/>
</kw>
<kw name="Reset Input Buffer" library="SerialLibrary">
<doc>Clears input buffer.</doc>
<status status="PASS" starttime="20221026 00:32:18.215" endtime="20221026 00:32:18.215"/>
</kw>
<kw name="Reset Output Buffer" library="SerialLibrary">
<doc>Clears outout buffer.</doc>
<status status="PASS" starttime="20221026 00:32:18.215" endtime="20221026 00:32:18.215"/>
</kw>
<kw name="Sleep" library="BuiltIn">
<arg>1s</arg>
<doc>Pauses the test executed for the given time.</doc>
<msg timestamp="20221026 00:32:19.216" level="INFO">Slept 1 second</msg>
<status status="PASS" starttime="20221026 00:32:18.216" endtime="20221026 00:32:19.216"/>
</kw>
<kw name="Write Data" library="SerialLibrary">
<arg>$GPGGA,134731.361,12151540.3252,N,01231.2946,E\r</arg>
<doc>Writes data into the port.</doc>
<status status="PASS" starttime="20221026 00:32:19.216" endtime="20221026 00:32:19.217"/>
</kw>
<kw name="Reset Input Buffer" library="SerialLibrary">
<doc>Clears input buffer.</doc>
<status status="PASS" starttime="20221026 00:32:19.217" endtime="20221026 00:32:19.217"/>
</kw>
<kw name="Reset Output Buffer" library="SerialLibrary">
<doc>Clears outout buffer.</doc>
<status status="PASS" starttime="20221026 00:32:19.217" endtime="20221026 00:32:19.217"/>
</kw>
<kw name="Sleep" library="BuiltIn">
<arg>1s</arg>
<doc>Pauses the test executed for the given time.</doc>
<msg timestamp="20221026 00:32:20.218" level="INFO">Slept 1 second</msg>
<status status="PASS" starttime="20221026 00:32:19.217" endtime="20221026 00:32:20.218"/>
</kw>
<kw name="Write Data" library="SerialLibrary">
<arg>$GPGGA,134731.361,5540.3252,XXXX,01231.2946,E\r</arg>
<doc>Writes data into the port.</doc>
<status status="PASS" starttime="20221026 00:32:20.218" endtime="20221026 00:32:20.219"/>
</kw>
<kw name="Reset Input Buffer" library="SerialLibrary">
<doc>Clears input buffer.</doc>
<status status="PASS" starttime="20221026 00:32:20.219" endtime="20221026 00:32:20.219"/>
</kw>
<kw name="Reset Output Buffer" library="SerialLibrary">
<doc>Clears outout buffer.</doc>
<status status="PASS" starttime="20221026 00:32:20.220" endtime="20221026 00:32:20.220"/>
</kw>
<kw name="Sleep" library="BuiltIn">
<arg>1s</arg>
<doc>Pauses the test executed for the given time.</doc>
<msg timestamp="20221026 00:32:21.222" level="INFO">Slept 1 second</msg>
<status status="PASS" starttime="20221026 00:32:20.221" endtime="20221026 00:32:21.222"/>
</kw>
<kw name="Write Data" library="SerialLibrary">
<arg>$GPGGA,134731.361,5540.3252,N,5115511231.2946,E\r</arg>
<doc>Writes data into the port.</doc>
<status status="PASS" starttime="20221026 00:32:21.222" endtime="20221026 00:32:21.223"/>
</kw>
<kw name="Reset Input Buffer" library="SerialLibrary">
<doc>Clears input buffer.</doc>
<status status="PASS" starttime="20221026 00:32:21.223" endtime="20221026 00:32:21.223"/>
</kw>
<kw name="Reset Output Buffer" library="SerialLibrary">
<doc>Clears outout buffer.</doc>
<status status="PASS" starttime="20221026 00:32:21.224" endtime="20221026 00:32:21.224"/>
</kw>
<kw name="Sleep" library="BuiltIn">
<arg>1s</arg>
<doc>Pauses the test executed for the given time.</doc>
<msg timestamp="20221026 00:32:22.225" level="INFO">Slept 1 second</msg>
<status status="PASS" starttime="20221026 00:32:21.224" endtime="20221026 00:32:22.225"/>
</kw>
<kw name="Write Data" library="SerialLibrary">
<arg>$GPGGA,134731.361,5540.3252,N,01231.2946,XXXX\r</arg>
<doc>Writes data into the port.</doc>
<status status="PASS" starttime="20221026 00:32:22.225" endtime="20221026 00:32:22.225"/>
</kw>
<kw name="Reset Input Buffer" library="SerialLibrary">
<doc>Clears input buffer.</doc>
<status status="PASS" starttime="20221026 00:32:22.226" endtime="20221026 00:32:22.226"/>
</kw>
<kw name="Reset Output Buffer" library="SerialLibrary">
<doc>Clears outout buffer.</doc>
<status status="PASS" starttime="20221026 00:32:22.226" endtime="20221026 00:32:22.226"/>
</kw>
<kw name="Sleep" library="BuiltIn">
<arg>1s</arg>
<doc>Pauses the test executed for the given time.</doc>
<msg timestamp="20221026 00:32:23.227" level="INFO">Slept 1 second</msg>
<status status="PASS" starttime="20221026 00:32:22.226" endtime="20221026 00:32:23.227"/>
</kw>
<status status="PASS" starttime="20221026 00:32:17.212" endtime="20221026 00:32:23.227"/>
</test>
<test id="s1-t4" name="Check if Wrong GPS Data Went Through" line="57">
<kw name="Log To Console" library="BuiltIn">
<arg>Count should remain same as in starting point</arg>
<doc>Logs the given message to the console.</doc>
<status status="PASS" starttime="20221026 00:32:23.228" endtime="20221026 00:32:23.228"/>
</kw>
<kw name="Write Data" library="SerialLibrary">
<arg>?cix\r</arg>
<doc>Writes data into the port.</doc>
<status status="PASS" starttime="20221026 00:32:23.228" endtime="20221026 00:32:23.229"/>
</kw>
<kw name="Sleep" library="BuiltIn">
<arg>1s</arg>
<doc>Pauses the test executed for the given time.</doc>
<msg timestamp="20221026 00:32:24.229" level="INFO">Slept 1 second</msg>
<status status="PASS" starttime="20221026 00:32:23.229" endtime="20221026 00:32:24.229"/>
</kw>
<kw name="Read Until" library="SerialLibrary">
<var>${read}</var>
<arg>\n</arg>
<doc>Read until a termination sequence is found, size exceeded or timeout.</doc>
<msg timestamp="20221026 00:32:24.230" level="INFO">${read} = Run count: 10
</msg>
<status status="PASS" starttime="20221026 00:32:24.230" endtime="20221026 00:32:24.230"/>
</kw>
<kw name="Split String" library="String">
<var>@{list_string}</var>
<arg>${read}</arg>
<arg>${SPACE}</arg>
<doc>Splits the ``string`` using ``separator`` as a delimiter string.</doc>
<msg timestamp="20221026 00:32:24.231" level="INFO">@{list_string} = [ Run | count: | 10
 ]</msg>
<status status="PASS" starttime="20221026 00:32:24.230" endtime="20221026 00:32:24.231"/>
</kw>
<kw name="Should Be Equal As Strings" library="BuiltIn">
<arg>${read.replace('\n','').strip()}</arg>
<arg>${count}${list_string}[2]</arg>
<arg>strip_spaces=True</arg>
<doc>Fails if objects are unequal after converting them to strings.</doc>
<status status="PASS" starttime="20221026 00:32:24.231" endtime="20221026 00:32:24.232"/>
</kw>
<kw name="Log To Console" library="BuiltIn">
<arg>${read}</arg>
<doc>Logs the given message to the console.</doc>
<status status="PASS" starttime="20221026 00:32:24.232" endtime="20221026 00:32:24.232"/>
</kw>
<kw name="Reset Input Buffer" library="SerialLibrary">
<doc>Clears input buffer.</doc>
<status status="PASS" starttime="20221026 00:32:24.233" endtime="20221026 00:32:24.233"/>
</kw>
<kw name="Reset Output Buffer" library="SerialLibrary">
<doc>Clears outout buffer.</doc>
<status status="PASS" starttime="20221026 00:32:24.233" endtime="20221026 00:32:24.233"/>
</kw>
<status status="PASS" starttime="20221026 00:32:23.228" endtime="20221026 00:32:24.233"/>
</test>
<test id="s1-t5" name="Write Correct GPS Data To Serial" line="68">
<kw name="Write Data" library="SerialLibrary">
<arg>$GPGGA,134731.631,5540.3244,N,01231.2941,E\r</arg>
<doc>Writes data into the port.</doc>
<status status="PASS" starttime="20221026 00:32:24.234" endtime="20221026 00:32:24.234"/>
</kw>
<kw name="Sleep" library="BuiltIn">
<arg>1s</arg>
<doc>Pauses the test executed for the given time.</doc>
<msg timestamp="20221026 00:32:25.235" level="INFO">Slept 1 second</msg>
<status status="PASS" starttime="20221026 00:32:24.234" endtime="20221026 00:32:25.235"/>
</kw>
<kw name="Reset Input Buffer" library="SerialLibrary">
<doc>Clears input buffer.</doc>
<status status="PASS" starttime="20221026 00:32:25.235" endtime="20221026 00:32:25.235"/>
</kw>
<kw name="Reset Output Buffer" library="SerialLibrary">
<doc>Clears outout buffer.</doc>
<status status="PASS" starttime="20221026 00:32:25.236" endtime="20221026 00:32:25.236"/>
</kw>
<status status="PASS" starttime="20221026 00:32:24.234" endtime="20221026 00:32:25.236"/>
</test>
<test id="s1-t6" name="Check if Correct Data Went Through" line="74">
<kw name="Log To Console" library="BuiltIn">
<arg>Count should increment by 1</arg>
<doc>Logs the given message to the console.</doc>
<status status="PASS" starttime="20221026 00:32:25.237" endtime="20221026 00:32:25.237"/>
</kw>
<kw name="Write Data" library="SerialLibrary">
<arg>?cix\r</arg>
<doc>Writes data into the port.</doc>
<status status="PASS" starttime="20221026 00:32:25.237" endtime="20221026 00:32:25.237"/>
</kw>
<kw name="Sleep" library="BuiltIn">
<arg>1s</arg>
<doc>Pauses the test executed for the given time.</doc>
<msg timestamp="20221026 00:32:26.238" level="INFO">Slept 1 second</msg>
<status status="PASS" starttime="20221026 00:32:25.238" endtime="20221026 00:32:26.238"/>
</kw>
<kw name="Read Until" library="SerialLibrary">
<var>${read}</var>
<arg>\n</arg>
<doc>Read until a termination sequence is found, size exceeded or timeout.</doc>
<msg timestamp="20221026 00:32:26.239" level="INFO">${read} = Run count: 11
</msg>
<status status="PASS" starttime="20221026 00:32:26.238" endtime="20221026 00:32:26.239"/>
</kw>
<kw name="Split String" library="String">
<var>@{list_string}</var>
<arg>${read}</arg>
<arg>${SPACE}</arg>
<doc>Splits the ``string`` using ``separator`` as a delimiter string.</doc>
<msg timestamp="20221026 00:32:26.240" level="INFO">@{list_string} = [ Run | count: | 11
 ]</msg>
<status status="PASS" starttime="20221026 00:32:26.239" endtime="20221026 00:32:26.240"/>
</kw>
<kw name="Should Be Equal As Strings" library="BuiltIn">
<arg>${read.replace('\n','').strip()}</arg>
<arg>${count}${list_string}[2]</arg>
<arg>strip_spaces=True</arg>
<doc>Fails if objects are unequal after converting them to strings.</doc>
<status status="PASS" starttime="20221026 00:32:26.240" endtime="20221026 00:32:26.241"/>
</kw>
<kw name="Log To Console" library="BuiltIn">
<arg>${read}</arg>
<doc>Logs the given message to the console.</doc>
<status status="PASS" starttime="20221026 00:32:26.241" endtime="20221026 00:32:26.241"/>
</kw>
<kw name="Reset Input Buffer" library="SerialLibrary">
<doc>Clears input buffer.</doc>
<status status="PASS" starttime="20221026 00:32:26.241" endtime="20221026 00:32:26.241"/>
</kw>
<kw name="Reset Output Buffer" library="SerialLibrary">
<doc>Clears outout buffer.</doc>
<status status="PASS" starttime="20221026 00:32:26.242" endtime="20221026 00:32:26.242"/>
</kw>
<status status="PASS" starttime="20221026 00:32:25.236" endtime="20221026 00:32:26.242"/>
</test>
<test id="s1-t7" name="Disconnect Serial" line="85">
<kw name="Log To Console" library="BuiltIn">
<arg>Disconnecting ${board}</arg>
<doc>Logs the given message to the console.</doc>
<status status="PASS" starttime="20221026 00:32:26.243" endtime="20221026 00:32:26.243"/>
</kw>
<kw name="Delete Port" library="SerialLibrary" type="TEARDOWN">
<arg>${com}</arg>
<doc>Deletes specified port.</doc>
<status status="PASS" starttime="20221026 00:32:26.243" endtime="20221026 00:32:26.244"/>
</kw>
<status status="PASS" starttime="20221026 00:32:26.242" endtime="20221026 00:32:26.244"/>
</test>
<status status="PASS" starttime="20221026 00:32:16.155" endtime="20221026 00:32:26.245"/>
</suite>
<statistics>
<total>
<stat pass="7" fail="0" skip="0">All Tests</stat>
</total>
<tag>
</tag>
<suite>
<stat pass="7" fail="0" skip="0" id="s1" name="Serial">Serial</stat>
</suite>
</statistics>
<errors>
</errors>
</robot>
